<?xml version="1.0" encoding="UTF-8"?>
<testsuite xmlns:xsi="http://www.w3.org/2001/XMLSchema-instance" xsi:noNamespaceSchemaLocation="https://maven.apache.org/surefire/maven-surefire-plugin/xsd/surefire-test-report.xsd" name="es.uv.modelo.AccesoBDTest" time="0.115" tests="4" errors="3" skipped="0" failures="0">
  <properties>
    <property name="java.specification.version" value="17"/>
    <property name="sun.cpu.isalist" value="amd64"/>
    <property name="sun.jnu.encoding" value="Cp1252"/>
    <property name="java.class.path" value="C:\Users\raul\Documents\NetBeansProjects\GIT\ProyectoISII\GII_IS2_2022-2023\ProyectoIS2\target\test-classes;C:\Users\raul\Documents\NetBeansProjects\GIT\ProyectoISII\GII_IS2_2022-2023\ProyectoIS2\target\classes;C:\Users\raul\.m2\repository\org\junit\jupiter\junit-jupiter-api\5.6.0\junit-jupiter-api-5.6.0.jar;C:\Users\raul\.m2\repository\org\apiguardian\apiguardian-api\1.1.0\apiguardian-api-1.1.0.jar;C:\Users\raul\.m2\repository\org\opentest4j\opentest4j\1.2.0\opentest4j-1.2.0.jar;C:\Users\raul\.m2\repository\org\junit\platform\junit-platform-commons\1.6.0\junit-platform-commons-1.6.0.jar;C:\Users\raul\.m2\repository\com\mysql\mysql-connector-j\8.0.31\mysql-connector-j-8.0.31.jar;C:\Users\raul\.m2\repository\com\google\protobuf\protobuf-java\3.19.4\protobuf-java-3.19.4.jar;C:\Users\raul\.m2\repository\org\junit\jupiter\junit-jupiter-params\5.6.0\junit-jupiter-params-5.6.0.jar;C:\Users\raul\.m2\repository\org\junit\jupiter\junit-jupiter-engine\5.6.0\junit-jupiter-engine-5.6.0.jar;C:\Users\raul\.m2\repository\org\junit\platform\junit-platform-engine\1.6.0\junit-platform-engine-1.6.0.jar;C:\Users\raul\.m2\repository\org\sonarsource\sonarqube\sonar-plugin-api\8.0\sonar-plugin-api-8.0.jar;"/>
    <property name="java.vm.vendor" value="Oracle Corporation"/>
    <property name="sun.arch.data.model" value="64"/>
    <property name="user.variant" value=""/>
    <property name="java.vendor.url" value="https://java.oracle.com/"/>
    <property name="user.timezone" value="Europe/Madrid"/>
    <property name="os.name" value="Windows 10"/>
    <property name="java.vm.specification.version" value="17"/>
    <property name="user.country" value="ES"/>
    <property name="sun.java.launcher" value="SUN_STANDARD"/>
    <property name="sun.boot.library.path" value="C:\Program Files\Java\jdk-17\bin"/>
    <property name="sun.java.command" value="C:\Users\raul\AppData\Local\Temp\surefire4189601253104207894\surefirebooter2244594815893459414.jar C:\Users\raul\AppData\Local\Temp\surefire4189601253104207894 2022-12-21T12-29-15_180-jvmRun1 surefire930842824020001532tmp surefire_013080693190942684045tmp"/>
    <property name="jdk.debug" value="release"/>
    <property name="surefire.test.class.path" value="C:\Users\raul\Documents\NetBeansProjects\GIT\ProyectoISII\GII_IS2_2022-2023\ProyectoIS2\target\test-classes;C:\Users\raul\Documents\NetBeansProjects\GIT\ProyectoISII\GII_IS2_2022-2023\ProyectoIS2\target\classes;C:\Users\raul\.m2\repository\org\junit\jupiter\junit-jupiter-api\5.6.0\junit-jupiter-api-5.6.0.jar;C:\Users\raul\.m2\repository\org\apiguardian\apiguardian-api\1.1.0\apiguardian-api-1.1.0.jar;C:\Users\raul\.m2\repository\org\opentest4j\opentest4j\1.2.0\opentest4j-1.2.0.jar;C:\Users\raul\.m2\repository\org\junit\platform\junit-platform-commons\1.6.0\junit-platform-commons-1.6.0.jar;C:\Users\raul\.m2\repository\com\mysql\mysql-connector-j\8.0.31\mysql-connector-j-8.0.31.jar;C:\Users\raul\.m2\repository\com\google\protobuf\protobuf-java\3.19.4\protobuf-java-3.19.4.jar;C:\Users\raul\.m2\repository\org\junit\jupiter\junit-jupiter-params\5.6.0\junit-jupiter-params-5.6.0.jar;C:\Users\raul\.m2\repository\org\junit\jupiter\junit-jupiter-engine\5.6.0\junit-jupiter-engine-5.6.0.jar;C:\Users\raul\.m2\repository\org\junit\platform\junit-platform-engine\1.6.0\junit-platform-engine-1.6.0.jar;C:\Users\raul\.m2\repository\org\sonarsource\sonarqube\sonar-plugin-api\8.0\sonar-plugin-api-8.0.jar;"/>
    <property name="sun.cpu.endian" value="little"/>
    <property name="user.home" value="C:\Users\raul"/>
    <property name="user.language" value="es"/>
    <property name="java.specification.vendor" value="Oracle Corporation"/>
    <property name="java.version.date" value="2021-09-14"/>
    <property name="java.home" value="C:\Program Files\Java\jdk-17"/>
    <property name="file.separator" value="\"/>
    <property name="basedir" value="C:\Users\raul\Documents\NetBeansProjects\GIT\ProyectoISII\GII_IS2_2022-2023\ProyectoIS2"/>
    <property name="java.vm.compressedOopsMode" value="Zero based"/>
    <property name="line.separator" value="&#10;"/>
    <property name="java.vm.specification.vendor" value="Oracle Corporation"/>
    <property name="java.specification.name" value="Java Platform API Specification"/>
    <property name="surefire.real.class.path" value="C:\Users\raul\AppData\Local\Temp\surefire4189601253104207894\surefirebooter2244594815893459414.jar"/>
    <property name="user.script" value=""/>
    <property name="sun.management.compiler" value="HotSpot 64-Bit Tiered Compilers"/>
    <property name="java.runtime.version" value="17+35-LTS-2724"/>
    <property name="user.name" value="raul"/>
    <property name="path.separator" value=";"/>
    <property name="os.version" value="10.0"/>
    <property name="java.runtime.name" value="Java(TM) SE Runtime Environment"/>
    <property name="file.encoding" value="Cp1252"/>
    <property name="java.vm.name" value="Java HotSpot(TM) 64-Bit Server VM"/>
    <property name="maven.ext.class.path" value="C:\Program Files\NetBeans-12.5\netbeans\java\maven-nblib\netbeans-eventspy.jar"/>
    <property name="localRepository" value="C:\Users\raul\.m2\repository"/>
    <property name="java.vendor.url.bug" value="https://bugreport.java.com/bugreport/"/>
    <property name="java.io.tmpdir" value="C:\Users\raul\AppData\Local\Temp\"/>
    <property name="java.version" value="17"/>
    <property name="user.dir" value="C:\Users\raul\Documents\NetBeansProjects\GIT\ProyectoISII\GII_IS2_2022-2023\ProyectoIS2"/>
    <property name="os.arch" value="amd64"/>
    <property name="java.vm.specification.name" value="Java Virtual Machine Specification"/>
    <property name="sun.os.patch.level" value=""/>
    <property name="native.encoding" value="Cp1252"/>
    <property name="java.library.path" value="C:\Program Files\Java\jdk-17\bin;C:\Windows\Sun\Java\bin;C:\Windows\system32;C:\Windows;C:\Program Files (x86)\VMware\VMware Player\bin\;C:\Program Files\Common Files\Oracle\Java\javapath;C:\Program Files (x86)\Common Files\Oracle\Java\javapath;C:\Windows\system32;C:\Windows;C:\Windows\System32\Wbem;C:\Windows\System32\WindowsPowerShell\v1.0\;C:\Windows\System32\OpenSSH\;C:\Program Files (x86)\NVIDIA Corporation\PhysX\Common;C:\Program Files\NVIDIA Corporation\NVIDIA NvDLISR;C:\Users\raul\AppData\Local\Microsoft\WindowsApps;;."/>
    <property name="java.vm.info" value="mixed mode, sharing"/>
    <property name="java.vendor" value="Oracle Corporation"/>
    <property name="java.vm.version" value="17+35-LTS-2724"/>
    <property name="sun.io.unicode.encoding" value="UnicodeLittle"/>
    <property name="java.class.version" value="61.0"/>
  </properties>
  <testcase name="testAddHistorialPacienteTodoCorrectoBD" classname="es.uv.modelo.AccesoBDTest" time="0.102">
    <error message="Cannot invoke &quot;java.sql.Connection.createStatement()&quot; because &quot;es.uv.modelo.AccesoBD.conexionBD&quot; is null" type="java.lang.NullPointerException">java.lang.NullPointerException: Cannot invoke "java.sql.Connection.createStatement()" because "es.uv.modelo.AccesoBD.conexionBD" is null
	at es.uv.modelo.AccesoBDTest.testAddHistorialPacienteTodoCorrectoBD(AccesoBDTest.java:58)
</error>
    <system-out><![CDATA[addHistorialPacienteBD
error conectando a base de datos
]]></system-out>
  </testcase>
  <testcase name="testAddHistorialPacienteEnfermedadNoValidaBD" classname="es.uv.modelo.AccesoBDTest" time="0.002">
    <error message="Cannot invoke &quot;java.sql.Connection.createStatement()&quot; because &quot;es.uv.modelo.AccesoBD.conexionBD&quot; is null" type="java.lang.NullPointerException">java.lang.NullPointerException: Cannot invoke "java.sql.Connection.createStatement()" because "es.uv.modelo.AccesoBD.conexionBD" is null
	at es.uv.modelo.AccesoBDTest.testAddHistorialPacienteEnfermedadNoValidaBD(AccesoBDTest.java:86)
</error>
    <system-out><![CDATA[addHistorialPacienteBD
error conectando a base de datos
]]></system-out>
  </testcase>
  <testcase name="testAddHistorialPacienteFechaPosteriorBD" classname="es.uv.modelo.AccesoBDTest" time="0.003"/>
  <testcase name="testObtenerHistorialBD" classname="es.uv.modelo.AccesoBDTest" time="0.002">
    <error message="Cannot invoke &quot;java.sql.Connection.createStatement()&quot; because &quot;es.uv.modelo.AccesoBD.conexionBD&quot; is null" type="java.lang.NullPointerException">java.lang.NullPointerException: Cannot invoke "java.sql.Connection.createStatement()" because "es.uv.modelo.AccesoBD.conexionBD" is null
	at es.uv.modelo.AccesoBDTest.testObtenerHistorialBD(AccesoBDTest.java:44)
</error>
    <system-out><![CDATA[obtenerHistorialBD
error conectando a base de datos
]]></system-out>
  </testcase>
</testsuite>